<?xml version="1.0" encoding="UTF-8"?>
<testng-results ignored="0" total="7" passed="7" failed="0" skipped="0">
  <reporter-output>
  </reporter-output>
  <suite started-at="2024-12-29T19:37:43 IST" name="Default suite" finished-at="2024-12-29T19:38:11 IST" duration-ms="28368">
    <groups>
    </groups>
    <test started-at="2024-12-29T19:37:43 IST" name="Default test" finished-at="2024-12-29T19:38:11 IST" duration-ms="28368">
      <class name="com.TestClass.IndexPageTest">
        <test-method is-config="true" signature="setup()[pri:0, instance:com.TestClass.IndexPageTest@77847718]" started-at="2024-12-29T19:37:43 IST" name="setup" finished-at="2024-12-29T19:37:46 IST" duration-ms="2655" status="PASS">
          <reporter-output>
          </reporter-output>
        </test-method> <!-- setup -->
        <test-method is-config="true" signature="setupReport()[pri:0, instance:com.TestClass.IndexPageTest@77847718]" started-at="2024-12-29T19:37:46 IST" name="setupReport" finished-at="2024-12-29T19:37:46 IST" duration-ms="177" status="PASS">
          <reporter-output>
          </reporter-output>
        </test-method> <!-- setupReport -->
        <test-method signature="Test1()[pri:1, instance:com.TestClass.IndexPageTest@77847718]" started-at="2024-12-29T19:37:46 IST" name="Test1" finished-at="2024-12-29T19:37:46 IST" duration-ms="17" status="PASS">
          <reporter-output>
          </reporter-output>
        </test-method> <!-- Test1 -->
        <test-method is-config="true" signature="captureScreenshotAfterTest(org.testng.ITestResult)[pri:0, instance:com.TestClass.IndexPageTest@77847718]" started-at="2024-12-29T19:37:46 IST" name="captureScreenshotAfterTest" finished-at="2024-12-29T19:37:46 IST" duration-ms="163" status="PASS">
          <params>
            <param index="0">
              <value>
                <![CDATA[[TestResult name=Test1 status=SUCCESS method=IndexPageTest.Test1()[pri:1, instance:com.TestClass.IndexPageTest@77847718] output={null}]]]>
              </value>
            </param>
          </params>
          <reporter-output>
          </reporter-output>
        </test-method> <!-- captureScreenshotAfterTest -->
        <test-method signature="validateSignup()[pri:2, instance:com.TestClass.IndexPageTest@77847718]" started-at="2024-12-29T19:37:46 IST" name="validateSignup" finished-at="2024-12-29T19:37:51 IST" duration-ms="4497" status="PASS">
          <reporter-output>
          </reporter-output>
        </test-method> <!-- validateSignup -->
        <test-method is-config="true" signature="captureScreenshotAfterTest(org.testng.ITestResult)[pri:0, instance:com.TestClass.IndexPageTest@77847718]" started-at="2024-12-29T19:37:51 IST" name="captureScreenshotAfterTest" finished-at="2024-12-29T19:37:51 IST" duration-ms="176" status="PASS">
          <params>
            <param index="0">
              <value>
                <![CDATA[[TestResult name=validateSignup status=SUCCESS method=IndexPageTest.validateSignup()[pri:2, instance:com.TestClass.IndexPageTest@77847718] output={null}]]]>
              </value>
            </param>
          </params>
          <reporter-output>
          </reporter-output>
        </test-method> <!-- captureScreenshotAfterTest -->
        <test-method signature="validateLogin()[pri:3, instance:com.TestClass.IndexPageTest@77847718]" started-at="2024-12-29T19:37:51 IST" name="validateLogin" finished-at="2024-12-29T19:37:55 IST" duration-ms="4416" status="PASS">
          <reporter-output>
          </reporter-output>
        </test-method> <!-- validateLogin -->
        <test-method is-config="true" signature="captureScreenshotAfterTest(org.testng.ITestResult)[pri:0, instance:com.TestClass.IndexPageTest@77847718]" started-at="2024-12-29T19:37:55 IST" name="captureScreenshotAfterTest" finished-at="2024-12-29T19:37:55 IST" duration-ms="140" status="PASS">
          <params>
            <param index="0">
              <value>
                <![CDATA[[TestResult name=validateLogin status=SUCCESS method=IndexPageTest.validateLogin()[pri:3, instance:com.TestClass.IndexPageTest@77847718] output={null}]]]>
              </value>
            </param>
          </params>
          <reporter-output>
          </reporter-output>
        </test-method> <!-- captureScreenshotAfterTest -->
        <test-method signature="testCategoriesAndOptions()[pri:4, instance:com.TestClass.IndexPageTest@77847718]" started-at="2024-12-29T19:37:55 IST" name="testCategoriesAndOptions" finished-at="2024-12-29T19:37:55 IST" duration-ms="10" status="PASS">
          <reporter-output>
          </reporter-output>
        </test-method> <!-- testCategoriesAndOptions -->
        <test-method is-config="true" signature="captureScreenshotAfterTest(org.testng.ITestResult)[pri:0, instance:com.TestClass.IndexPageTest@77847718]" started-at="2024-12-29T19:37:55 IST" name="captureScreenshotAfterTest" finished-at="2024-12-29T19:37:56 IST" duration-ms="163" status="PASS">
          <params>
            <param index="0">
              <value>
                <![CDATA[[TestResult name=testCategoriesAndOptions status=SUCCESS method=IndexPageTest.testCategoriesAndOptions()[pri:4, instance:com.TestClass.IndexPageTest@77847718] output={null}]]]>
              </value>
            </param>
          </params>
          <reporter-output>
          </reporter-output>
        </test-method> <!-- captureScreenshotAfterTest -->
        <test-method signature="testAddProductToCart()[pri:5, instance:com.TestClass.IndexPageTest@77847718]" started-at="2024-12-29T19:37:56 IST" name="testAddProductToCart" finished-at="2024-12-29T19:37:59 IST" duration-ms="3232" status="PASS">
          <reporter-output>
          </reporter-output>
        </test-method> <!-- testAddProductToCart -->
        <test-method is-config="true" signature="captureScreenshotAfterTest(org.testng.ITestResult)[pri:0, instance:com.TestClass.IndexPageTest@77847718]" started-at="2024-12-29T19:37:59 IST" name="captureScreenshotAfterTest" finished-at="2024-12-29T19:37:59 IST" duration-ms="150" status="PASS">
          <params>
            <param index="0">
              <value>
                <![CDATA[[TestResult name=testAddProductToCart status=SUCCESS method=IndexPageTest.testAddProductToCart()[pri:5, instance:com.TestClass.IndexPageTest@77847718] output={null}]]]>
              </value>
            </param>
          </params>
          <reporter-output>
          </reporter-output>
        </test-method> <!-- captureScreenshotAfterTest -->
        <test-method signature="clickOnCart()[pri:6, instance:com.TestClass.IndexPageTest@77847718]" started-at="2024-12-29T19:37:59 IST" name="clickOnCart" finished-at="2024-12-29T19:38:06 IST" duration-ms="7082" status="PASS">
          <reporter-output>
          </reporter-output>
        </test-method> <!-- clickOnCart -->
        <test-method is-config="true" signature="captureScreenshotAfterTest(org.testng.ITestResult)[pri:0, instance:com.TestClass.IndexPageTest@77847718]" started-at="2024-12-29T19:38:06 IST" name="captureScreenshotAfterTest" finished-at="2024-12-29T19:38:06 IST" duration-ms="133" status="PASS">
          <params>
            <param index="0">
              <value>
                <![CDATA[[TestResult name=clickOnCart status=SUCCESS method=IndexPageTest.clickOnCart()[pri:6, instance:com.TestClass.IndexPageTest@77847718] output={null}]]]>
              </value>
            </param>
          </params>
          <reporter-output>
          </reporter-output>
        </test-method> <!-- captureScreenshotAfterTest -->
        <test-method signature="OrderDetails()[pri:7, instance:com.TestClass.IndexPageTest@77847718]" started-at="2024-12-29T19:38:06 IST" name="OrderDetails" finished-at="2024-12-29T19:38:11 IST" duration-ms="4652" status="PASS">
          <reporter-output>
          </reporter-output>
        </test-method> <!-- OrderDetails -->
        <test-method is-config="true" signature="captureScreenshotAfterTest(org.testng.ITestResult)[pri:0, instance:com.TestClass.IndexPageTest@77847718]" started-at="2024-12-29T19:38:11 IST" name="captureScreenshotAfterTest" finished-at="2024-12-29T19:38:11 IST" duration-ms="172" status="PASS">
          <params>
            <param index="0">
              <value>
                <![CDATA[[TestResult name=OrderDetails status=SUCCESS method=IndexPageTest.OrderDetails()[pri:7, instance:com.TestClass.IndexPageTest@77847718] output={null}]]]>
              </value>
            </param>
          </params>
          <reporter-output>
          </reporter-output>
        </test-method> <!-- captureScreenshotAfterTest -->
        <test-method is-config="true" signature="tearDown()[pri:0, instance:com.TestClass.IndexPageTest@77847718]" started-at="2024-12-29T19:38:11 IST" name="tearDown" finished-at="2024-12-29T19:38:11 IST" duration-ms="176" status="PASS">
          <reporter-output>
          </reporter-output>
        </test-method> <!-- tearDown -->
        <test-method is-config="true" signature="tearDownReport()[pri:0, instance:com.TestClass.IndexPageTest@77847718]" started-at="2024-12-29T19:38:11 IST" name="tearDownReport" finished-at="2024-12-29T19:38:11 IST" duration-ms="318" status="PASS">
          <reporter-output>
          </reporter-output>
        </test-method> <!-- tearDownReport -->
      </class> <!-- com.TestClass.IndexPageTest -->
    </test> <!-- Default test -->
  </suite> <!-- Default suite -->
</testng-results>
