<?xml version="1.0" encoding="UTF-8"?>
<!-- Generated by org.testng.reporters.JUnitXMLReporter -->
<testsuite ignored="0" hostname="DESKTOP-GIPD38A" failures="0" tests="7" name="Default test" time="28.368" errors="0" timestamp="2024-12-29T19:38:11 IST">
  <testcase classname="com.TestClass.IndexPageTest" name="Test1" time="0.017"/>
  <testcase classname="com.TestClass.IndexPageTest" name="validateSignup" time="4.497"/>
  <testcase classname="com.TestClass.IndexPageTest" name="validateLogin" time="4.416"/>
  <testcase classname="com.TestClass.IndexPageTest" name="testCategoriesAndOptions" time="0.01"/>
  <testcase classname="com.TestClass.IndexPageTest" name="testAddProductToCart" time="3.232"/>
  <testcase classname="com.TestClass.IndexPageTest" name="clickOnCart" time="7.082"/>
  <testcase classname="com.TestClass.IndexPageTest" name="OrderDetails" time="4.652"/>
</testsuite> <!-- Default test -->
